C:\Users\rocas\OneDrive\Documentos\Simón Roca\TRABAJOS\Ruscombe.dwg,Model,9/6/2021 22:37:14,rocas,DWG To PDF.pc3,ANSI expand B (11.00 x 17.00 Inches),1:288.602,
C:\Users\rocas\OneDrive\Documentos\Simón Roca\TRABAJOS\GIRBERT\GIRBERT.dwg,Layout1,5/7/2021 19:13:09,rocas,DWG To PDF.pc3,ISO A4 (210.00 x 297.00 MM),1:1.10838,
C:\Users\rocas\OneDrive\Documentos\Simón Roca\TRABAJOS\ALEJANDRO\CASA ALEJANDRO.dwg,CORTES,8/7/2021 7:25:26,rocas,DWG To PDF.pc3,ISO full bleed A2 (420.00 x 594.00 MM),1:1,
C:\Users\rocas\OneDrive\Documentos\Simón Roca\TRABAJOS\ALEJANDRO\CASA ALEJANDRO.dwg,PLANTA,10/7/2021 20:36:55,rocas,DWG To PDF.pc3,ISO full bleed A2 (420.00 x 594.00 MM),1:1,
C:\Users\rocas\OneDrive\Documentos\Simón Roca\TRABAJOS\JULIO\COMPLEJO PASO de los MOLINOS 2021\Julio 2021\PLANTA GENERAL BLOCK 1, BLOCK 2 Y BLOCK 3.dwg,BLOCK 1.0,22/7/2021 14:04:26,rocas,DWG To PDF.pc3,ISO A1 (841.00 x 594.00 MM),1:1,
C:\Users\rocas\OneDrive\Documentos\Simón Roca\TRABAJOS\ALEJANDRO\trabajo 2\OFICINA.dwg,Layout1,24/7/2021 20:48:40,rocas,DWG To PDF.pc3,ISO A4 (297.00 x 210.00 MM),1:1,
C:\Users\rocas\OneDrive\Documentos\Simón Roca\TRABAJOS\ALEJANDRO\trabajo 2\28-047-2021\Rotiseria.dwg,Layout1,28/7/2021 7:32:49,rocas,DWG To PDF.pc3,ISO A4 (297.00 x 210.00 MM),1:1,
C:\Users\rocas\OneDrive\Documentos\Simón Roca\TRABAJOS\NATALIA\Nueva carpeta\CASA 2540.dwg,PLANTA,5/8/2021 6:58:43,rocas,DWG To PDF.pc3,ISO full bleed A4 (210.00 x 297.00 MM),1:1,
C:\Users\rocas\OneDrive\Documentos\Simón Roca\TRABAJOS\PELUFO & CIA\MOBILIARIO\HABITACIÓN 1.dwg,PLANTA,20/8/2021 20:09:29,rocas,DWG To PDF.pc3,ISO full bleed A2 (420.00 x 594.00 MM),1:1,
C:\Users\rocas\OneDrive\Documentos\Simón Roca\TRABAJOS\PELUFO & CIA\MOBILIARIO\HABITACIÓN 1.dwg,PLANTA,23/8/2021 3:07:03,rocas,DWG To PDF.pc3,ISO full bleed A2 (420.00 x 594.00 MM),1:1,
C:\Users\rocas\OneDrive\Documentos\Simón Roca\TRABAJOS\JULIO\CASAS MODULARES\CASA MODULAR - Alzado - Este.dwg,Model,12/9/2021 18:38:24,rocas,DWG To PDF.pc3,Previous paper size  (210.02 x 297.01 mm),1:39.08,
C:\Users\rocas\OneDrive\Documentos\Simón Roca\RAFAEL\letrero.dwg,Model,11/10/2021 21:59:57,rocas,AutoCAD PDF (General Documentation).pc3,ISO full bleed A4 (210.00 x 297.00 MM),1:19.6524,
C:\Users\rocas\OneDrive\Documentos\Simón Roca\RAFAEL\letrero.dwg,Layout1,11/10/2021 22:06:43,rocas,DWG To PDF.pc3,ISO A4 (297.00 x 210.00 MM),1:0.0393701,
C:\Users\rocas\OneDrive\Documentos\Simón Roca\TRABAJOS\RAFAEL\letrero.dwg,Model,13/10/2021 23:42:33,rocas,AutoCAD PDF (General Documentation).pc3,ISO full bleed A4 (210.00 x 297.00 MM),1:9.63157,
C:\Users\rocas\OneDrive\Documentos\Simón Roca\TRABAJOS\RAFAEL\PIEZAS ACOTADAS.dwg,Model,15/10/2021 7:02:57,rocas,DWG To PDF.pc3,ISO full bleed A4 (210.00 x 297.00 MM),1:9.48895,
C:\Users\rocas\OneDrive\Documentos\Simón Roca\TRABAJOS\JULIO\CASA ECONÓMICA\planta.dwg,Layout1,18/10/2021 7:17:34,rocas,DWG To PDF.pc3,ISO expand A4 (297.00 x 210.00 MM),1:1,
C:\Users\rocas\OneDrive\Documentos\Simón Roca\TRABAJOS\FEDERICO\PLANO DE FRIGORIFICO.dwg,Model,2/11/2021 15:00:47,rocas,DWG To PDF.pc3,ISO full bleed A1 (841.00 x 594.00 MM),1000:100,
C:\Users\rocas\OneDrive\Documentos\Simón Roca\TRABAJOS\FLORENCIA 2\08-11-21\presentación plaza.dwg,Presentación1,8/11/2021 23:53:52,rocas,DWG To PDF.pc3,ISO full bleed A3 (420.00 x 297.00 MM),1:1,
C:\Users\rocas\OneDrive\Documentos\Simón Roca\TRABAJOS\JULIO\CASA ECONÓMICA\LAMINAS\planta.dwg,Layout1,17/11/2021 0:06:44,rocas,DWG To PDF.pc3,ISO A3 (420.00 x 297.00 MM),1:1,
C:\Users\rocas\OneDrive\Documentos\Simón Roca\TRABAJOS\Jose Roca\20211109-DISEN\U+0303O GALPON-ALDANN-REV1.dwg,Model,19/11/2021 9:12:36,rocas,DWG To PDF.pc3,ISO full bleed A1 (841.00 x 594.00 MM),1:0.106835,
C:\Users\rocas\OneDrive\Documentos\Simón Roca\TRABAJOS\Jose Roca\GALPÓN.dwg,Model,20/11/2021 22:18:48,rocas,DWG To PDF.pc3,ISO full bleed A1 (841.00 x 594.00 MM),1:0.102929,
C:\Users\rocas\OneDrive\Documentos\Simón Roca\TRABAJOS\JULIO\CASA ECONÓMICA\LAMINAS\planta.dwg,Model,26/11/2021 6:47:51,rocas,Microsoft Print to PDF,A4,1000:75,
C:\Users\rocas\OneDrive\Documentos\Simón Roca\TRABAJOS\JULIO\CASA ECONÓMICA\LAMINAS\planta.dwg,Layout1,27/11/2021 11:36:39,rocas,DWG To PDF.pc3,ISO full bleed A4 (210.00 x 297.00 MM),1:1,
C:\Users\rocas\OneDrive\Documentos\Simón Roca\TRABAJOS\JULIO\CASA ECONÓMICA\LAMINAS\planta.dwg,Layout1,2/12/2021 0:28:05,rocas,DWG To PDF.pc3,ISO full bleed A4 (210.00 x 297.00 MM),1:1,
C:\Users\rocas\OneDrive\Documentos\Simón Roca\TRABAJOS\JULIO\CASA ECONÓMICA\LAMINAS\planta 2.dwg,Layout1,3/12/2021 22:18:06,rocas,DWG To PDF.pc3,ISO full bleed A4 (210.00 x 297.00 MM),1:1,
C:\Users\rocas\OneDrive\Documentos\Simón Roca\TRABAJOS\FLORENCIA 2\08-11-21\presentación plaza.dwg,Presentación1,4/12/2021 15:03:02,rocas,DWG To PDF.pc3,ISO full bleed A3 (420.00 x 297.00 MM),1:1,
C:\Users\rocas\OneDrive\Documentos\Simón Roca\TRABAJOS\FLORENCIA 2\04-12-21\presentación plaza.dwg,Presentación1,5/12/2021 11:53:01,rocas,DWG To PDF.pc3,ISO full bleed A3 (420.00 x 297.00 MM),1:1,
C:\Users\rocas\OneDrive\Documentos\Simón Roca\TRABAJOS\ALEJANDRO\13-12-2021\SITUACIÓN ACTUAL.dwg,Layout1,15/12/2021 7:06:54,rocas,DWG To PDF.pc3,ISO A4 (297.00 x 210.00 MM),1:1,
C:\Users\rocas\OneDrive\Documentos\Simón Roca\TRABAJOS\ALEJANDRO\13-12-2021\13-12-2021\SUB SUELO.dwg,Layout1,16/12/2021 19:13:09,rocas,DWG To PDF.pc3,ISO A4 (297.00 x 210.00 MM),1:1,
C:\Users\rocas\OneDrive\Documentos\Simón Roca\TRABAJOS\JULIO\CASA MALDONADO\CASA BASE.dwg,Layout1,15/2/2022 15:12:48,rocas,DWG To PDF.pc3,ISO full bleed A4 (210.00 x 297.00 MM),1:1,
C:\Users\rocas\OneDrive\Documentos\Simón Roca\TRABAJOS\SANTIAGO ALONSO\PLANOS\CASA DE CAMPO.dwg,PLANTA BAJA,22/2/2022 23:49:40,rocas,DWG To PDF.pc3,ISO full bleed A3 (420.00 x 297.00 MM),1:1,
C:\Users\rocas\OneDrive\Documentos\Simón Roca\TRABAJOS\JULIO\CASA MALDONADO\CASA REMODELACIÓN.dwg,Layout1,13/3/2022 11:32:13,rocas,DWG To PDF.pc3,ISO full bleed A4 (210.00 x 297.00 MM),1:1,
C:\Users\rocas\OneDrive\Documentos\Simón Roca\TRABAJOS\JULIO\CASA ANGEL SALVO\PLANTA GENERAL BLOCK 1, BLOCK 2 Y BLOCK 3.dwg,BLOCK 1.0,16/4/2022 11:20:28,rocas,DWG To PDF.pc3,ISO A1 (841.00 x 594.00 MM),1:1,
C:\Users\rocas\OneDrive\Documentos\Simón Roca\TRABAJOS\JULIO\CASA ANGEL SALVO\CASA ANGEL SALVO.dwg,PISO 2,16/4/2022 12:56:25,rocas,DWG To PDF.pc3,ISO full bleed A4 (297.00 x 210.00 MM),1:1,
C:\Users\rocas\OneDrive\Documentos\Simón Roca\TRABAJOS\JULIO\CASA ANGEL SALVO\CASA ANGEL SALVO.dwg,PISO 1,20/4/2022 23:16:20,rocas,DWG To PDF.pc3,ISO full bleed A4 (297.00 x 210.00 MM),1:1,
C:\Users\rocas\OneDrive\Documentos\Simón Roca\TRABAJOS\JULIO\CASA ANGEL SALVO\CASA ANGEL SALVO.dwg,PISO 1,21/4/2022 21:39:39,rocas,DWG To PDF.pc3,ISO full bleed A4 (297.00 x 210.00 MM),1:1,
C:\Users\rocas\OneDrive\Documentos\Simón Roca\TRABAJOS\JULIO\CASA MALDONADO\CASA REMODELACIÓN.dwg,FACHADA,30/4/2022 14:46:47,rocas,DWG To PDF.pc3,ISO full bleed A4 (210.00 x 297.00 MM),1:1,
C:\Users\rocas\OneDrive\Documentos\Simón Roca\TRABAJOS\JULIO\CASA ANGEL SALVO\PLANTA GENERAL BLOCK 1, BLOCK 2 Y BLOCK 3.dwg,Layout1,30/4/2022 15:03:27,rocas,Microsoft Print to PDF,A4,1:1,
C:\Users\rocas\OneDrive\Documentos\Simón Roca\TRABAJOS\Mhatias\isometrico.dwg,Model,6/5/2022 12:10:41,rocas,DWG To PDF.pc3,ISO A4 (210.00 x 297.00 MM),1:23.7053,
C:\Users\rocas\OneDrive\Documentos\Simón Roca\TRABAJOS\Mhatias\isometrico.dwg,Model,9/5/2022 23:30:52,rocas,DWG To PDF.pc3,ISO A4 (210.00 x 297.00 MM),1:23.7053,
C:\Users\rocas\OneDrive\Documentos\Simón Roca\TRABAJOS\Matihas\isometrico (2).dwg,Model,10/5/2022 18:42:48,rocas,DWG To PDF.pc3,ANSI A (11.00 x 8.50 Inches),1:631.93,
C:\Users\rocas\OneDrive\Documentos\Simón Roca\TRABAJOS\JULIO\CASA ANGEL SALVO\28-05-2022\CASA ANGEL SALVO.dwg,PB,29/5/2022 12:10:25,rocas,DWG To PDF.pc3,ISO full bleed A4 (297.00 x 210.00 MM),1:1,
C:\Users\rocas\OneDrive\Documentos\Simón Roca\TRABAJOS\MARCELO\CASA PAYSANDU.dwg,PLANTA,27/6/2022 1:05:56,rocas,DWG To PDF.pc3,ISO full bleed A4 (210.00 x 297.00 MM),1:1,
C:\Users\rocas\OneDrive\Documentos\Simón Roca\TRABAJOS\MARCELO\CASA PAYSANDU.dwg,PLANTA,30/6/2022 7:20:33,rocas,DWG To PDF.pc3,ISO full bleed A3 (420.00 x 297.00 MM),1:1,
C:\Users\rocas\OneDrive\Documentos\Simón Roca\TRABAJOS\JULIO\CASA ECONÓMICA\LAMINAS\planta.dwg,Layout1 (2),8/7/2022 7:07:44,rocas,DWG To PDF.pc3,ISO full bleed A4 (210.00 x 297.00 MM),1:1,
C:\Users\rocas\OneDrive\Documentos\Simón Roca\TRABAJOS\JULIO\CASA ECONÓMICA\LAMINAS\CORRECIONES FINALES 8-7-22\BASES\planta.dwg,Layout1 (2),10/7/2022 20:45:40,rocas,DWG To PDF.pc3,ISO full bleed A4 (210.00 x 297.00 MM),1:1,
C:\Users\rocas\OneDrive\Documentos\Simón Roca\TRABAJOS\JULIO\CASA ANGEL SALVO\CASA ANGEL SALVO.dwg,PISO 1,1/9/2022 9:16:46,rocas,DWG To PDF.pc3,ISO full bleed A4 (297.00 x 210.00 MM),1:1,
C:\Users\rocas\OneDrive\Documentos\Simón Roca\TRABAJOS\JULIO\CASA ANGEL SALVO\05-09-2022\CASA ANGEL SALVO.dwg,PB,4/9/2022 22:27:14,rocas,DWG To PDF.pc3,ISO full bleed A4 (297.00 x 210.00 MM),1:1,
C:\Users\rocas\OneDrive\Documentos\Simón Roca\TRABAJOS\JULIO\CASA ECONOMICA SOCIAL\plantilla.dwg,PB,13/9/2022 16:39:50,rocas,DWG To PDF.pc3,ISO full bleed A4 (297.00 x 210.00 MM),1:1,
C:\Users\rocas\OneDrive\Documentos\Simón Roca\TRABAJOS\JULIO\CASA ECONOMICA SOCIAL\plantilla.dwg,PB,21/9/2022 12:24:16,rocas,DWG To PDF.pc3,ISO full bleed A4 (297.00 x 210.00 MM),1:1,
C:\Users\rocas\OneDrive\Documentos\Simón Roca\TRABAJOS\Ulisies\PLANTA 2D.dwg,Layout1,21/10/2022 17:02:07,rocas,DWG To PDF.pc3,ISO full bleed A4 (210.00 x 297.00 MM),1:1,
C:\Users\rocas\OneDrive\Documentos\Simón Roca\TRABAJOS\Ulisies\PLANTA 2D.dwg,PLANTA BAJA,27/10/2022 13:37:38,rocas,DWG To PDF.pc3,ISO full bleed A4 (210.00 x 297.00 MM),1:1,
C:\Users\rocas\OneDrive\Documentos\Simón Roca\TRABAJOS\Porfirio\CASA HOGAR.dwg,Model,28/10/2022 20:50:50,rocas,DWG To PDF.pc3,ISO A4 (297.00 x 210.00 MM),1:0.118793,
C:\Users\rocas\OneDrive\Documentos\Simón Roca\TRABAJOS\JULIO\CASA ANGEL SALVO\05-09-2022\SANITARIO.dwg,SANITARIO,29/10/2022 12:56:10,rocas,DWG To PDF.pc3,ISO full bleed A4 (297.00 x 210.00 MM),1:1,
C:\Users\rocas\OneDrive\Documentos\Simón Roca\TRABAJOS\Porfirio\CASA HOGAR.dwg,Model,31/10/2022 11:49:28,rocas,DWG To PDF.pc3,ANSI A (11.00 x 8.50 Inches),1:2.75969,
C:\Users\rocas\OneDrive\Documentos\Simón Roca\TRABAJOS\ALVARO\ALVARO.dwg,Model,10/11/2022 18:58:08,rocas,DWG To PDF.pc3,ISO A4 (210.00 x 297.00 MM),1:1.23921,
C:\Users\rocas\OneDrive\Documentos\Simón Roca\TRABAJOS\ALVARO\ALVARO.dwg,Model,11/11/2022 9:48:16,rocas,DWG To PDF.pc3,ISO full bleed A1 (841.00 x 594.00 MM),1:0.306506,
C:\Users\rocas\OneDrive\Documentos\Simón Roca\TRABAJOS\ALVARO\correcciones\ALVARO.dwg,Model,13/11/2022 19:52:36,rocas,DWG To PDF.pc3,ISO full bleed A1 (841.00 x 594.00 MM),1:0.306506,
C:\Users\rocas\OneDrive\Documentos\Simón Roca\TRABAJOS\ALVARO\correcciones\ALVARO.dwg,Model,14/11/2022 13:31:36,rocas,DWG To PDF.pc3,ISO full bleed A1 (841.00 x 594.00 MM),1:0.306506,
C:\Users\rocas\OneDrive\Documentos\Simón Roca\TRABAJOS\Javier\PARA CORTE\PREPARADAS\DGN-0990C Elementos de encastre para template.dwg,Model,16/11/2022 12:48:02,rocas,DWG To PDF.pc3,ISO full bleed A2 (594.00 x 420.00 MM),1:1.67792,
C:\Users\rocas\OneDrive\Documentos\Simón Roca\TRABAJOS\JULIO\CASA ANGEL SALVO\13-09-2023\CASA ANGEL SALVO.dwg,PB,3/12/2022 11:10:29,rocas,DWG To PDF.pc3,ISO full bleed A4 (297.00 x 210.00 MM),1:1,
C:\Users\rocas\OneDrive\Documentos\Simón Roca\TRABAJOS\JULIO\CASA ANGEL SALVO\13-09-2023\CASA ANGEL SALVO V2.dwg,PB,13/12/2022 14:14:16,rocas,DWG To PDF.pc3,ISO full bleed A4 (297.00 x 210.00 MM),1:1,
C:\Users\rocas\OneDrive\Documentos\Simón Roca\TRABAJOS\JULIO\CASA ANGEL SALVO\13-09-2023\CASA ANGEL SALVO V2\CASA ANGEL SALVO V2.dwg,PB,15/12/2022 11:24:45,rocas,DWG To PDF.pc3,ISO full bleed A4 (297.00 x 210.00 MM),1:1,
C:\Users\rocas\OneDrive\Documentos\Simón Roca\TRABAJOS\JULIO\CASA ANGEL SALVO\13-09-2023\CASA ANGEL SALVO V2\BLOQUE 1 PLANTAS.dwg,1.2,18/12/2022 19:39:00,rocas,DWG To PDF.pc3,ISO full bleed A4 (297.00 x 210.00 MM),1:1,
